<?xml version="1.0" encoding="UTF-8"?>
<!-- Generated by org.testng.reporters.JUnitReportReporter -->
<testsuite hostname="Administrator" failures="0" tests="1" name="tests.RegisterTest" time="6.587" errors="0" timestamp="2024-06-08T15:54:16 ICT" skipped="0">
  <testcase classname="tests.RegisterTest" name="registerSuccessfully" time="6.587"/>
  <system-out/>
</testsuite> <!-- tests.RegisterTest -->
